****                   ADMIXTURE Version 1.3.0                  ****
****                    Copyright 2008-2015                     ****
****           David Alexander, Suyash Shringarpure,            ****
****                John  Novembre, Ken Lange                   ****
****                                                            ****
****                 Please cite our paper!                     ****
****   Information at www.genetics.ucla.edu/software/admixture  ****

Cross-validation will be performed.  Folds=5.
Random seed: 43
Point estimation method: Block relaxation algorithm
Convergence acceleration algorithm: QuasiNewton, 3 secant conditions
Point estimation will terminate when objective function delta < 0.0001
Estimation of standard errors disabled; will compute point estimates only.
Size of G: 324x13928
Performing five EM steps to prime main algorithm
1 (EM) 	Elapsed: 0.239	Loglikelihood: -4.16932e+06	(delta): 4.92056e+06
2 (EM) 	Elapsed: 0.214	Loglikelihood: -4.16932e+06	(delta): 0
3 (EM) 	Elapsed: 0.223	Loglikelihood: -4.16932e+06	(delta): 0
4 (EM) 	Elapsed: 0.221	Loglikelihood: -4.16932e+06	(delta): 0
5 (EM) 	Elapsed: 0.212	Loglikelihood: -4.16932e+06	(delta): 0
Initial loglikelihood: -4.16932e+06
Starting main algorithm
1 (QN/Block) 	Elapsed: 0.816	Loglikelihood: -4.16932e+06	(delta): 0
Summary: 
Converged in 1 iterations (2.475 sec)
Loglikelihood: -4169323.010353
CV error (K=1): 0.55248
Writing output files.
