****                   ADMIXTURE Version 1.3.0                  ****
****                    Copyright 2008-2015                     ****
****           David Alexander, Suyash Shringarpure,            ****
****                John  Novembre, Ken Lange                   ****
****                                                            ****
****                 Please cite our paper!                     ****
****   Information at www.genetics.ucla.edu/software/admixture  ****

Cross-validation will be performed.  Folds=5.
Random seed: 43
Point estimation method: Block relaxation algorithm
Convergence acceleration algorithm: QuasiNewton, 3 secant conditions
Point estimation will terminate when objective function delta < 0.0001
Estimation of standard errors disabled; will compute point estimates only.
Size of G: 324x13928
Performing five EM steps to prime main algorithm
1 (EM) 	Elapsed: 0.443	Loglikelihood: -4.35405e+06	(delta): 3.40977e+06
2 (EM) 	Elapsed: 0.455	Loglikelihood: -4.22913e+06	(delta): 124920
3 (EM) 	Elapsed: 0.433	Loglikelihood: -4.19431e+06	(delta): 34812.5
4 (EM) 	Elapsed: 0.434	Loglikelihood: -4.17807e+06	(delta): 16240.1
5 (EM) 	Elapsed: 0.434	Loglikelihood: -4.16996e+06	(delta): 8115.65
Initial loglikelihood: -4.16996e+06
Starting main algorithm
1 (QN/Block) 	Elapsed: 1.069	Loglikelihood: -3.99045e+06	(delta): 179504
2 (QN/Block) 	Elapsed: 1.088	Loglikelihood: -3.91539e+06	(delta): 75065.3
3 (QN/Block) 	Elapsed: 1.211	Loglikelihood: -3.85689e+06	(delta): 58502.3
4 (QN/Block) 	Elapsed: 1.174	Loglikelihood: -3.83805e+06	(delta): 18836.6
5 (QN/Block) 	Elapsed: 1.25	Loglikelihood: -3.83576e+06	(delta): 2293.64
6 (QN/Block) 	Elapsed: 1.417	Loglikelihood: -3.83544e+06	(delta): 318.606
7 (QN/Block) 	Elapsed: 1.207	Loglikelihood: -3.83537e+06	(delta): 67.1097
8 (QN/Block) 	Elapsed: 1.397	Loglikelihood: -3.83537e+06	(delta): 5.18883
9 (QN/Block) 	Elapsed: 1.178	Loglikelihood: -3.83537e+06	(delta): 0.0521576
10 (QN/Block) 	Elapsed: 1.217	Loglikelihood: -3.83537e+06	(delta): 0.000735803
11 (QN/Block) 	Elapsed: 1.191	Loglikelihood: -3.83537e+06	(delta): 2.21287e-05
Summary: 
Converged in 11 iterations (16.904 sec)
Loglikelihood: -3835365.428974
Fst divergences between estimated populations: 
	Pop0	
Pop0	
Pop1	0.153	
CV error (K=2): 0.48190
Writing output files.
