****                   ADMIXTURE Version 1.3.0                  ****
****                    Copyright 2008-2015                     ****
****           David Alexander, Suyash Shringarpure,            ****
****                John  Novembre, Ken Lange                   ****
****                                                            ****
****                 Please cite our paper!                     ****
****   Information at www.genetics.ucla.edu/software/admixture  ****

Cross-validation will be performed.  Folds=5.
Random seed: 43
Point estimation method: Block relaxation algorithm
Convergence acceleration algorithm: QuasiNewton, 3 secant conditions
Point estimation will terminate when objective function delta < 0.0001
Estimation of standard errors disabled; will compute point estimates only.
Size of G: 324x13928
Performing five EM steps to prime main algorithm
1 (EM) 	Elapsed: 0.699	Loglikelihood: -4.38757e+06	(delta): 2.87325e+06
2 (EM) 	Elapsed: 0.671	Loglikelihood: -4.25681e+06	(delta): 130762
3 (EM) 	Elapsed: 0.687	Loglikelihood: -4.21622e+06	(delta): 40582.9
4 (EM) 	Elapsed: 0.693	Loglikelihood: -4.19347e+06	(delta): 22748.2
5 (EM) 	Elapsed: 0.676	Loglikelihood: -4.17881e+06	(delta): 14663.1
Initial loglikelihood: -4.17881e+06
Starting main algorithm
1 (QN/Block) 	Elapsed: 1.394	Loglikelihood: -3.94775e+06	(delta): 231058
2 (QN/Block) 	Elapsed: 1.384	Loglikelihood: -3.8802e+06	(delta): 67554.6
3 (QN/Block) 	Elapsed: 1.567	Loglikelihood: -3.83232e+06	(delta): 47883.8
4 (QN/Block) 	Elapsed: 1.792	Loglikelihood: -3.81118e+06	(delta): 21138.2
5 (QN/Block) 	Elapsed: 1.614	Loglikelihood: -3.80682e+06	(delta): 4354.36
6 (QN/Block) 	Elapsed: 1.56	Loglikelihood: -3.80474e+06	(delta): 2085.65
7 (QN/Block) 	Elapsed: 1.541	Loglikelihood: -3.80362e+06	(delta): 1112.58
8 (QN/Block) 	Elapsed: 1.634	Loglikelihood: -3.80276e+06	(delta): 865.01
9 (QN/Block) 	Elapsed: 1.606	Loglikelihood: -3.80209e+06	(delta): 666.662
10 (QN/Block) 	Elapsed: 1.826	Loglikelihood: -3.80151e+06	(delta): 579.49
11 (QN/Block) 	Elapsed: 1.621	Loglikelihood: -3.80097e+06	(delta): 548.156
12 (QN/Block) 	Elapsed: 1.726	Loglikelihood: -3.80049e+06	(delta): 473.565
13 (QN/Block) 	Elapsed: 1.545	Loglikelihood: -3.80023e+06	(delta): 258.61
14 (QN/Block) 	Elapsed: 1.735	Loglikelihood: -3.80005e+06	(delta): 179.949
15 (QN/Block) 	Elapsed: 1.797	Loglikelihood: -3.79991e+06	(delta): 146.707
16 (QN/Block) 	Elapsed: 1.646	Loglikelihood: -3.79989e+06	(delta): 13.1942
17 (QN/Block) 	Elapsed: 1.808	Loglikelihood: -3.79989e+06	(delta): 4.60747
18 (QN/Block) 	Elapsed: 1.554	Loglikelihood: -3.79989e+06	(delta): 1.50012
19 (QN/Block) 	Elapsed: 1.551	Loglikelihood: -3.79989e+06	(delta): 0.128916
20 (QN/Block) 	Elapsed: 1.581	Loglikelihood: -3.79989e+06	(delta): 0.00182983
21 (QN/Block) 	Elapsed: 1.556	Loglikelihood: -3.79989e+06	(delta): 4.33787e-05
Summary: 
Converged in 21 iterations (39.673 sec)
Loglikelihood: -3799887.171935
Fst divergences between estimated populations: 
	Pop0	Pop1	
Pop0	
Pop1	0.163	
Pop2	0.073	0.156	
CV error (K=3): 0.47835
Writing output files.
