****                   ADMIXTURE Version 1.3.0                  ****
****                    Copyright 2008-2015                     ****
****           David Alexander, Suyash Shringarpure,            ****
****                John  Novembre, Ken Lange                   ****
****                                                            ****
****                 Please cite our paper!                     ****
****   Information at www.genetics.ucla.edu/software/admixture  ****

Cross-validation will be performed.  Folds=5.
Random seed: 43
Point estimation method: Block relaxation algorithm
Convergence acceleration algorithm: QuasiNewton, 3 secant conditions
Point estimation will terminate when objective function delta < 0.0001
Estimation of standard errors disabled; will compute point estimates only.
Size of G: 324x13928
Performing five EM steps to prime main algorithm
1 (EM) 	Elapsed: 0.918	Loglikelihood: -4.3895e+06	(delta): 2.60735e+06
2 (EM) 	Elapsed: 0.922	Loglikelihood: -4.26144e+06	(delta): 128052
3 (EM) 	Elapsed: 0.94	Loglikelihood: -4.22398e+06	(delta): 37467.8
4 (EM) 	Elapsed: 0.912	Loglikelihood: -4.20073e+06	(delta): 23246.5
5 (EM) 	Elapsed: 0.938	Loglikelihood: -4.18365e+06	(delta): 17076.2
Initial loglikelihood: -4.18365e+06
Starting main algorithm
1 (QN/Block) 	Elapsed: 1.795	Loglikelihood: -3.90641e+06	(delta): 277245
2 (QN/Block) 	Elapsed: 1.773	Loglikelihood: -3.85511e+06	(delta): 51293.9
3 (QN/Block) 	Elapsed: 2.048	Loglikelihood: -3.82334e+06	(delta): 31775.3
4 (QN/Block) 	Elapsed: 2.065	Loglikelihood: -3.79687e+06	(delta): 26465.2
5 (QN/Block) 	Elapsed: 2.22	Loglikelihood: -3.79196e+06	(delta): 4918
6 (QN/Block) 	Elapsed: 2.026	Loglikelihood: -3.79044e+06	(delta): 1518.58
7 (QN/Block) 	Elapsed: 1.984	Loglikelihood: -3.79017e+06	(delta): 272.579
8 (QN/Block) 	Elapsed: 2.145	Loglikelihood: -3.79004e+06	(delta): 122.428
9 (QN/Block) 	Elapsed: 1.971	Loglikelihood: -3.78998e+06	(delta): 58.114
10 (QN/Block) 	Elapsed: 1.919	Loglikelihood: -3.78995e+06	(delta): 31.0111
11 (QN/Block) 	Elapsed: 1.93	Loglikelihood: -3.78994e+06	(delta): 12.6094
12 (QN/Block) 	Elapsed: 1.929	Loglikelihood: -3.78992e+06	(delta): 16.1426
13 (QN/Block) 	Elapsed: 1.969	Loglikelihood: -3.7899e+06	(delta): 24.1461
14 (QN/Block) 	Elapsed: 1.932	Loglikelihood: -3.78988e+06	(delta): 23.4545
15 (QN/Block) 	Elapsed: 1.94	Loglikelihood: -3.78985e+06	(delta): 22.7095
16 (QN/Block) 	Elapsed: 1.952	Loglikelihood: -3.78984e+06	(delta): 10.6412
17 (QN/Block) 	Elapsed: 2.163	Loglikelihood: -3.78983e+06	(delta): 10.5241
18 (QN/Block) 	Elapsed: 2.193	Loglikelihood: -3.78982e+06	(delta): 10.9345
19 (QN/Block) 	Elapsed: 2.21	Loglikelihood: -3.78981e+06	(delta): 11.4998
20 (QN/Block) 	Elapsed: 2.167	Loglikelihood: -3.7898e+06	(delta): 11.8749
21 (QN/Block) 	Elapsed: 2.184	Loglikelihood: -3.78979e+06	(delta): 12.3735
22 (QN/Block) 	Elapsed: 2.178	Loglikelihood: -3.78977e+06	(delta): 13.4793
23 (QN/Block) 	Elapsed: 2.187	Loglikelihood: -3.78976e+06	(delta): 14.8896
24 (QN/Block) 	Elapsed: 2.191	Loglikelihood: -3.78974e+06	(delta): 16.6369
25 (QN/Block) 	Elapsed: 2.202	Loglikelihood: -3.78972e+06	(delta): 18.7144
26 (QN/Block) 	Elapsed: 2.237	Loglikelihood: -3.7897e+06	(delta): 21.1648
27 (QN/Block) 	Elapsed: 2.161	Loglikelihood: -3.78968e+06	(delta): 24.5623
28 (QN/Block) 	Elapsed: 2.201	Loglikelihood: -3.78965e+06	(delta): 29.3532
29 (QN/Block) 	Elapsed: 2.208	Loglikelihood: -3.78961e+06	(delta): 36.1933
30 (QN/Block) 	Elapsed: 2.105	Loglikelihood: -3.78952e+06	(delta): 92.787
31 (QN/Block) 	Elapsed: 2.088	Loglikelihood: -3.78943e+06	(delta): 84.1388
32 (QN/Block) 	Elapsed: 2.196	Loglikelihood: -3.78936e+06	(delta): 75.4768
33 (QN/Block) 	Elapsed: 2.2	Loglikelihood: -3.7893e+06	(delta): 59.4513
34 (QN/Block) 	Elapsed: 2.023	Loglikelihood: -3.78924e+06	(delta): 59.3923
35 (QN/Block) 	Elapsed: 2.144	Loglikelihood: -3.78915e+06	(delta): 92.4903
36 (QN/Block) 	Elapsed: 2.217	Loglikelihood: -3.7891e+06	(delta): 50.9699
37 (QN/Block) 	Elapsed: 2.06	Loglikelihood: -3.78907e+06	(delta): 26.8316
38 (QN/Block) 	Elapsed: 1.993	Loglikelihood: -3.78906e+06	(delta): 8.99739
39 (QN/Block) 	Elapsed: 1.991	Loglikelihood: -3.78906e+06	(delta): 1.62073
40 (QN/Block) 	Elapsed: 1.982	Loglikelihood: -3.78906e+06	(delta): 0.578587
41 (QN/Block) 	Elapsed: 1.928	Loglikelihood: -3.78906e+06	(delta): 0.204593
42 (QN/Block) 	Elapsed: 1.943	Loglikelihood: -3.78906e+06	(delta): 0.0780887
43 (QN/Block) 	Elapsed: 1.938	Loglikelihood: -3.78906e+06	(delta): 0.0478032
44 (QN/Block) 	Elapsed: 1.91	Loglikelihood: -3.78906e+06	(delta): 0.0379137
45 (QN/Block) 	Elapsed: 2.144	Loglikelihood: -3.78906e+06	(delta): 0.00524521
46 (QN/Block) 	Elapsed: 2.041	Loglikelihood: -3.78906e+06	(delta): 0.00236443
47 (QN/Block) 	Elapsed: 1.965	Loglikelihood: -3.78906e+06	(delta): 0.00163392
48 (QN/Block) 	Elapsed: 1.92	Loglikelihood: -3.78906e+06	(delta): 0.00137927
49 (QN/Block) 	Elapsed: 1.977	Loglikelihood: -3.78906e+06	(delta): 0.00128699
50 (QN/Block) 	Elapsed: 1.986	Loglikelihood: -3.78906e+06	(delta): 0.00024179
51 (QN/Block) 	Elapsed: 1.962	Loglikelihood: -3.78906e+06	(delta): 1.58255e-05
Summary: 
Converged in 51 iterations (114.446 sec)
Loglikelihood: -3789058.688751
Fst divergences between estimated populations: 
	Pop0	Pop1	Pop2	
Pop0	
Pop1	0.128	
Pop2	0.053	0.157	
Pop3	0.144	0.073	0.164	
CV error (K=4): 0.48236
Writing output files.
