****                   ADMIXTURE Version 1.3.0                  ****
****                    Copyright 2008-2015                     ****
****           David Alexander, Suyash Shringarpure,            ****
****                John  Novembre, Ken Lange                   ****
****                                                            ****
****                 Please cite our paper!                     ****
****   Information at www.genetics.ucla.edu/software/admixture  ****

Cross-validation will be performed.  Folds=5.
Random seed: 43
Point estimation method: Block relaxation algorithm
Convergence acceleration algorithm: QuasiNewton, 3 secant conditions
Point estimation will terminate when objective function delta < 0.0001
Estimation of standard errors disabled; will compute point estimates only.
Size of G: 324x13928
Performing five EM steps to prime main algorithm
1 (EM) 	Elapsed: 1.168	Loglikelihood: -4.39126e+06	(delta): 2.46938e+06
2 (EM) 	Elapsed: 1.174	Loglikelihood: -4.26268e+06	(delta): 128579
3 (EM) 	Elapsed: 1.146	Loglikelihood: -4.22847e+06	(delta): 34203.7
4 (EM) 	Elapsed: 1.19	Loglikelihood: -4.20777e+06	(delta): 20704.6
5 (EM) 	Elapsed: 1.173	Loglikelihood: -4.19286e+06	(delta): 14914.1
Initial loglikelihood: -4.19286e+06
Starting main algorithm
1 (QN/Block) 	Elapsed: 2.321	Loglikelihood: -3.88288e+06	(delta): 309971
2 (QN/Block) 	Elapsed: 2.374	Loglikelihood: -3.82136e+06	(delta): 61520.2
3 (QN/Block) 	Elapsed: 2.674	Loglikelihood: -3.79604e+06	(delta): 25324.2
4 (QN/Block) 	Elapsed: 2.597	Loglikelihood: -3.78672e+06	(delta): 9316.09
5 (QN/Block) 	Elapsed: 2.562	Loglikelihood: -3.7844e+06	(delta): 2329.06
6 (QN/Block) 	Elapsed: 2.633	Loglikelihood: -3.78358e+06	(delta): 815.538
7 (QN/Block) 	Elapsed: 2.522	Loglikelihood: -3.78298e+06	(delta): 598.573
8 (QN/Block) 	Elapsed: 2.626	Loglikelihood: -3.78221e+06	(delta): 767.875
9 (QN/Block) 	Elapsed: 2.435	Loglikelihood: -3.7819e+06	(delta): 314.199
10 (QN/Block) 	Elapsed: 2.541	Loglikelihood: -3.78145e+06	(delta): 453.704
11 (QN/Block) 	Elapsed: 2.541	Loglikelihood: -3.78128e+06	(delta): 160.506
12 (QN/Block) 	Elapsed: 2.445	Loglikelihood: -3.78116e+06	(delta): 123.414
13 (QN/Block) 	Elapsed: 2.467	Loglikelihood: -3.78105e+06	(delta): 110.219
14 (QN/Block) 	Elapsed: 2.437	Loglikelihood: -3.78095e+06	(delta): 101.025
15 (QN/Block) 	Elapsed: 2.428	Loglikelihood: -3.78087e+06	(delta): 85.2809
16 (QN/Block) 	Elapsed: 2.447	Loglikelihood: -3.78077e+06	(delta): 98.4497
17 (QN/Block) 	Elapsed: 2.524	Loglikelihood: -3.7807e+06	(delta): 68.7574
18 (QN/Block) 	Elapsed: 2.541	Loglikelihood: -3.78057e+06	(delta): 126.167
19 (QN/Block) 	Elapsed: 2.638	Loglikelihood: -3.78045e+06	(delta): 119.636
20 (QN/Block) 	Elapsed: 2.477	Loglikelihood: -3.78039e+06	(delta): 59.4138
21 (QN/Block) 	Elapsed: 2.45	Loglikelihood: -3.78032e+06	(delta): 76.5365
22 (QN/Block) 	Elapsed: 2.489	Loglikelihood: -3.78024e+06	(delta): 71.531
23 (QN/Block) 	Elapsed: 2.552	Loglikelihood: -3.78019e+06	(delta): 51.2136
24 (QN/Block) 	Elapsed: 2.455	Loglikelihood: -3.78015e+06	(delta): 39.561
25 (QN/Block) 	Elapsed: 2.714	Loglikelihood: -3.78013e+06	(delta): 26.3741
26 (QN/Block) 	Elapsed: 2.743	Loglikelihood: -3.78011e+06	(delta): 20.4883
27 (QN/Block) 	Elapsed: 2.7	Loglikelihood: -3.78008e+06	(delta): 27.9793
28 (QN/Block) 	Elapsed: 2.705	Loglikelihood: -3.78004e+06	(delta): 42.6921
29 (QN/Block) 	Elapsed: 2.741	Loglikelihood: -3.78e+06	(delta): 38.735
30 (QN/Block) 	Elapsed: 2.508	Loglikelihood: -3.77997e+06	(delta): 28.2098
31 (QN/Block) 	Elapsed: 2.425	Loglikelihood: -3.77992e+06	(delta): 46.1376
32 (QN/Block) 	Elapsed: 2.445	Loglikelihood: -3.77987e+06	(delta): 55.3398
33 (QN/Block) 	Elapsed: 2.402	Loglikelihood: -3.77983e+06	(delta): 33.2185
34 (QN/Block) 	Elapsed: 2.462	Loglikelihood: -3.77979e+06	(delta): 43.8866
35 (QN/Block) 	Elapsed: 2.416	Loglikelihood: -3.77974e+06	(delta): 51.5899
36 (QN/Block) 	Elapsed: 2.423	Loglikelihood: -3.7797e+06	(delta): 36.5441
37 (QN/Block) 	Elapsed: 2.464	Loglikelihood: -3.77968e+06	(delta): 25.3112
38 (QN/Block) 	Elapsed: 2.395	Loglikelihood: -3.77964e+06	(delta): 42.1122
39 (QN/Block) 	Elapsed: 2.414	Loglikelihood: -3.7796e+06	(delta): 34.2863
40 (QN/Block) 	Elapsed: 2.414	Loglikelihood: -3.77958e+06	(delta): 21.8254
41 (QN/Block) 	Elapsed: 2.428	Loglikelihood: -3.77956e+06	(delta): 16.0516
42 (QN/Block) 	Elapsed: 2.414	Loglikelihood: -3.7795e+06	(delta): 65.378
43 (QN/Block) 	Elapsed: 2.404	Loglikelihood: -3.77946e+06	(delta): 42.4118
44 (QN/Block) 	Elapsed: 2.468	Loglikelihood: -3.77939e+06	(delta): 66.1573
45 (QN/Block) 	Elapsed: 2.43	Loglikelihood: -3.77933e+06	(delta): 57.3459
46 (QN/Block) 	Elapsed: 2.47	Loglikelihood: -3.7793e+06	(delta): 28.223
47 (QN/Block) 	Elapsed: 2.454	Loglikelihood: -3.77927e+06	(delta): 37.2849
48 (QN/Block) 	Elapsed: 2.443	Loglikelihood: -3.77923e+06	(delta): 33.7844
49 (QN/Block) 	Elapsed: 2.378	Loglikelihood: -3.77921e+06	(delta): 23.2757
50 (QN/Block) 	Elapsed: 2.437	Loglikelihood: -3.77919e+06	(delta): 20.071
51 (QN/Block) 	Elapsed: 2.456	Loglikelihood: -3.77916e+06	(delta): 27.4185
52 (QN/Block) 	Elapsed: 2.453	Loglikelihood: -3.77914e+06	(delta): 21.4499
53 (QN/Block) 	Elapsed: 2.448	Loglikelihood: -3.77913e+06	(delta): 13.0043
54 (QN/Block) 	Elapsed: 2.403	Loglikelihood: -3.77912e+06	(delta): 8.55072
55 (QN/Block) 	Elapsed: 2.415	Loglikelihood: -3.77911e+06	(delta): 12.6135
56 (QN/Block) 	Elapsed: 2.457	Loglikelihood: -3.77909e+06	(delta): 17.0426
57 (QN/Block) 	Elapsed: 2.46	Loglikelihood: -3.77907e+06	(delta): 16.503
58 (QN/Block) 	Elapsed: 2.436	Loglikelihood: -3.77906e+06	(delta): 13.988
59 (QN/Block) 	Elapsed: 2.445	Loglikelihood: -3.77905e+06	(delta): 6.52395
60 (QN/Block) 	Elapsed: 2.414	Loglikelihood: -3.77902e+06	(delta): 29.3543
61 (QN/Block) 	Elapsed: 2.535	Loglikelihood: -3.77899e+06	(delta): 27.8366
62 (QN/Block) 	Elapsed: 2.679	Loglikelihood: -3.77898e+06	(delta): 17.9556
63 (QN/Block) 	Elapsed: 2.419	Loglikelihood: -3.77897e+06	(delta): 8.825
64 (QN/Block) 	Elapsed: 2.412	Loglikelihood: -3.77896e+06	(delta): 6.13124
65 (QN/Block) 	Elapsed: 2.469	Loglikelihood: -3.77896e+06	(delta): 2.72724
66 (QN/Block) 	Elapsed: 2.411	Loglikelihood: -3.77896e+06	(delta): 1.79893
67 (QN/Block) 	Elapsed: 2.451	Loglikelihood: -3.77896e+06	(delta): 0.801579
68 (QN/Block) 	Elapsed: 2.451	Loglikelihood: -3.77896e+06	(delta): 0.342534
69 (QN/Block) 	Elapsed: 2.452	Loglikelihood: -3.77896e+06	(delta): 0.181173
70 (QN/Block) 	Elapsed: 2.522	Loglikelihood: -3.77896e+06	(delta): 0.121932
71 (QN/Block) 	Elapsed: 2.422	Loglikelihood: -3.77896e+06	(delta): 0.0604059
72 (QN/Block) 	Elapsed: 2.424	Loglikelihood: -3.77896e+06	(delta): 0.023302
73 (QN/Block) 	Elapsed: 2.611	Loglikelihood: -3.77896e+06	(delta): 0.0179186
74 (QN/Block) 	Elapsed: 2.505	Loglikelihood: -3.77896e+06	(delta): 0.0170226
75 (QN/Block) 	Elapsed: 2.606	Loglikelihood: -3.77896e+06	(delta): 0.0176502
76 (QN/Block) 	Elapsed: 2.721	Loglikelihood: -3.77896e+06	(delta): 0.00505039
77 (QN/Block) 	Elapsed: 2.704	Loglikelihood: -3.77896e+06	(delta): 0.00496018
78 (QN/Block) 	Elapsed: 2.724	Loglikelihood: -3.77896e+06	(delta): 0.00343525
79 (QN/Block) 	Elapsed: 2.703	Loglikelihood: -3.77896e+06	(delta): 0.000370546
80 (QN/Block) 	Elapsed: 2.688	Loglikelihood: -3.77896e+06	(delta): 0.000208466
81 (QN/Block) 	Elapsed: 2.419	Loglikelihood: -3.77896e+06	(delta): 0.000330969
82 (QN/Block) 	Elapsed: 2.435	Loglikelihood: -3.77896e+06	(delta): 2.39741e-05
Summary: 
Converged in 82 iterations (219.484 sec)
Loglikelihood: -3778955.721663
Fst divergences between estimated populations: 
	Pop0	Pop1	Pop2	Pop3	
Pop0	
Pop1	0.165	
Pop2	0.135	0.206	
Pop3	0.186	0.074	0.230	
Pop4	0.073	0.158	0.088	0.174	
CV error (K=5): 0.49001
Writing output files.
